Release 12.4 Map M.81d (lin64)
Xilinx Mapping Report File for Design 'cpu'

Design Information
------------------
Command Line   : map -detail -u -p xc6slx16-3-csg324 -pr b -c 100 -o
design_map.ncd design.ngd design.pcf 
Target Device  : xc6slx16
Target Package : csg324
Target Speed   : -3
Mapper Version : spartan6 -- $Revision: 1.52.76.2 $
Mapped Date    : Tue Mar 28 16:39:04 2017

Design Summary
--------------
Number of errors   :   1
Number of warnings :   0

Section 1 - Errors
------------------
ERROR:Security:9 - No 'ISE' nor 'WebPack' feature was available for part
'xc6slx16'.
ERROR:Map:258 - A problem was encountered attempting to get the license for this
   architecture. 

Section 2 - Warnings
--------------------
WARNING:Security:43 - No license file was found in the standard Xilinx license
directory.
WARNING:Security:44 - No license file was found.

Section 3 - Informational
-------------------------
INFO:Security:51 - The XILINXD_LICENSE_FILE environment variable is not set.
INFO:Security:53 - The LM_LICENSE_FILE environment variable is not set.
INFO:Security:54 - 'xc6slx16' is a WebPack part.
INFO:Security:68 - Please run the Xilinx License Configuration Manager
